[debug] [2020-07-06T17:50:43.947Z] ----------------------------------------------------------------------
[debug] [2020-07-06T17:50:43.954Z] Command:       C:\Program Files\nodejs\node.exe C:\Users\mari_\AppData\Roaming\npm\node_modules\firebase-tools\lib\bin\firebase.js deploy --debug
[debug] [2020-07-06T17:50:43.955Z] CLI Version:   8.4.3
[debug] [2020-07-06T17:50:43.955Z] Platform:      win32
[debug] [2020-07-06T17:50:43.956Z] Node Version:  v12.16.1
[debug] [2020-07-06T17:50:43.960Z] Time:          Mon Jul 06 2020 12:50:43 GMT-0500 (GMT-05:00)
[debug] [2020-07-06T17:50:43.960Z] ----------------------------------------------------------------------
[debug] [2020-07-06T17:50:43.961Z] 
[debug] [2020-07-06T17:50:44.009Z] > command requires scopes: ["email","openid","https://www.googleapis.com/auth/cloudplatformprojects.readonly","https://www.googleapis.com/auth/firebase","https://www.googleapis.com/auth/cloud-platform"]
[debug] [2020-07-06T17:50:44.017Z] > authorizing via signed-in user
[debug] [2020-07-06T17:50:44.019Z] [iam] checking project madelproject for permissions ["firebase.projects.get","firebasedatabase.instances.update","firebasehosting.sites.update"]
[debug] [2020-07-06T17:50:44.031Z] > refreshing access token with scopes: ["email","https://www.googleapis.com/auth/cloud-platform","https://www.googleapis.com/auth/cloudplatformprojects.readonly","https://www.googleapis.com/auth/firebase","openid"]
[debug] [2020-07-06T17:50:44.034Z] >>> HTTP REQUEST POST https://www.googleapis.com/oauth2/v3/token  
 <request body omitted>
[debug] [2020-07-06T17:50:44.533Z] <<< HTTP RESPONSE 200 {"content-type":"application/json; charset=utf-8","vary":"X-Origin, Referer, Origin,Accept-Encoding","date":"Mon, 06 Jul 2020 17:51:05 GMT","server":"scaffolding on HTTPServer2","cache-control":"private","x-xss-protection":"0","x-frame-options":"SAMEORIGIN","x-content-type-options":"nosniff","alt-svc":"h3-29=\":443\"; ma=2592000,h3-27=\":443\"; ma=2592000,h3-25=\":443\"; ma=2592000,h3-T050=\":443\"; ma=2592000,h3-Q050=\":443\"; ma=2592000,h3-Q046=\":443\"; ma=2592000,h3-Q043=\":443\"; ma=2592000,quic=\":443\"; ma=2592000; v=\"46,43\"","accept-ranges":"none","transfer-encoding":"chunked"}
[debug] [2020-07-06T17:50:44.560Z] >>> HTTP REQUEST POST https://cloudresourcemanager.googleapis.com/v1/projects/madelproject:testIamPermissions  
 {"permissions":["firebase.projects.get","firebasedatabase.instances.update","firebasehosting.sites.update"]}
[debug] [2020-07-06T17:50:44.952Z] <<< HTTP RESPONSE 200 {"content-type":"application/json; charset=UTF-8","vary":"X-Origin, Referer, Origin,Accept-Encoding","date":"Mon, 06 Jul 2020 17:51:06 GMT","server":"ESF","cache-control":"private","x-xss-protection":"0","x-frame-options":"SAMEORIGIN","x-content-type-options":"nosniff","server-timing":"gfet4t7; dur=82","alt-svc":"h3-29=\":443\"; ma=2592000,h3-27=\":443\"; ma=2592000,h3-25=\":443\"; ma=2592000,h3-T050=\":443\"; ma=2592000,h3-Q050=\":443\"; ma=2592000,h3-Q046=\":443\"; ma=2592000,h3-Q043=\":443\"; ma=2592000,quic=\":443\"; ma=2592000; v=\"46,43\"","accept-ranges":"none","transfer-encoding":"chunked"}
[debug] [2020-07-06T17:50:44.964Z] >>> HTTP REQUEST GET https://firebase.googleapis.com/v1beta1/projects/madelproject  
 
[debug] [2020-07-06T17:50:45.425Z] <<< HTTP RESPONSE 200 {"content-type":"application/json; charset=UTF-8","vary":"X-Origin, Referer, Origin,Accept-Encoding","date":"Mon, 06 Jul 2020 17:51:06 GMT","server":"ESF","cache-control":"private","x-xss-protection":"0","x-frame-options":"SAMEORIGIN","x-content-type-options":"nosniff","alt-svc":"h3-29=\":443\"; ma=2592000,h3-27=\":443\"; ma=2592000,h3-25=\":443\"; ma=2592000,h3-T050=\":443\"; ma=2592000,h3-Q050=\":443\"; ma=2592000,h3-Q046=\":443\"; ma=2592000,h3-Q043=\":443\"; ma=2592000,quic=\":443\"; ma=2592000; v=\"46,43\"","accept-ranges":"none","transfer-encoding":"chunked"}
[info] 
[info] === Deploying to 'madelproject'...
[info] 
[info] i  deploying database, hosting 
[info] i  database: checking rules syntax... 
[debug] [2020-07-06T17:50:45.470Z] >>> HTTP REQUEST PUT https://madelproject.firebaseio.com/.settings/rules.json?dryRun=true  
 {
  "rules": {
    ".read": true,
    ".write": true
  }
}

[debug] [2020-07-06T17:50:46.168Z] <<< HTTP RESPONSE 200 {"server":"nginx","date":"Mon, 06 Jul 2020 17:51:07 GMT","content-type":"application/json; charset=utf-8","content-length":"15","connection":"keep-alive","access-control-allow-origin":"*","cache-control":"no-cache","strict-transport-security":"max-age=31556926; includeSubDomains; preload"}
[info] +  database: rules syntax for database madelproject is valid 
[debug] [2020-07-06T17:50:46.190Z] >>> HTTP REQUEST POST https://firebasehosting.googleapis.com/v1beta1/sites/madelproject/versions  
 {"config":{},"labels":{"deployment-tool":"cli-firebase"}}
[debug] [2020-07-06T17:50:47.155Z] <<< HTTP RESPONSE 200 {"content-type":"application/json; charset=UTF-8","vary":"X-Origin, Referer, Origin,Accept-Encoding","date":"Mon, 06 Jul 2020 17:51:08 GMT","server":"ESF","cache-control":"private","x-xss-protection":"0","x-frame-options":"SAMEORIGIN","x-content-type-options":"nosniff","alt-svc":"h3-29=\":443\"; ma=2592000,h3-27=\":443\"; ma=2592000,h3-25=\":443\"; ma=2592000,h3-T050=\":443\"; ma=2592000,h3-Q050=\":443\"; ma=2592000,h3-Q046=\":443\"; ma=2592000,h3-Q043=\":443\"; ma=2592000,quic=\":443\"; ma=2592000; v=\"46,43\"","accept-ranges":"none","transfer-encoding":"chunked"}
[info] i  hosting[madelproject]: beginning deploy... 
[info] i  hosting[madelproject]: found 2 files in public 
[debug] [2020-07-06T17:50:47.219Z] [hosting] hash cache [cHVibGlj] stored for 2 files
[debug] [2020-07-06T17:50:47.226Z] [hosting][hash queue][FINAL] {"max":4,"min":2,"avg":2,"active":0,"complete":2,"success":2,"errored":0,"retried":0,"total":2,"elapsed":19}
[debug] [2020-07-06T17:50:47.230Z] >>> HTTP REQUEST POST https://firebasehosting.googleapis.com/v1beta1/sites/madelproject/versions/8284a361bbb105dd:populateFiles  
 <request body omitted>
[debug] [2020-07-06T17:50:47.656Z] <<< HTTP RESPONSE 200 {"content-type":"application/json; charset=UTF-8","vary":"X-Origin, Referer, Origin,Accept-Encoding","date":"Mon, 06 Jul 2020 17:51:08 GMT","server":"ESF","cache-control":"private","x-xss-protection":"0","x-frame-options":"SAMEORIGIN","x-content-type-options":"nosniff","alt-svc":"h3-29=\":443\"; ma=2592000,h3-27=\":443\"; ma=2592000,h3-25=\":443\"; ma=2592000,h3-T050=\":443\"; ma=2592000,h3-Q050=\":443\"; ma=2592000,h3-Q046=\":443\"; ma=2592000,h3-Q043=\":443\"; ma=2592000,quic=\":443\"; ma=2592000; v=\"46,43\"","accept-ranges":"none","transfer-encoding":"chunked"}
[debug] [2020-07-06T17:50:47.666Z] [hosting][populate queue][FINAL] {"max":454,"min":454,"avg":454,"active":0,"complete":1,"success":1,"errored":0,"retried":0,"total":1,"elapsed":455}
[debug] [2020-07-06T17:50:47.671Z] [hosting] uploads queued: 0
[debug] [2020-07-06T17:50:47.678Z] [hosting][upload queue][FINAL] {"max":0,"min":9999999999,"avg":0,"active":0,"complete":0,"success":0,"errored":0,"retried":0,"total":0,"elapsed":1594057847678}
[info] +  hosting[madelproject]: file upload complete 
[debug] [2020-07-06T17:50:47.690Z] [hosting] deploy completed after 524ms
[info] i  database: releasing rules... 
[debug] [2020-07-06T17:50:47.978Z] >>> HTTP REQUEST PUT https://madelproject.firebaseio.com/.settings/rules.json  
 {
  "rules": {
    ".read": true,
    ".write": true
  }
}

[debug] [2020-07-06T17:50:48.667Z] <<< HTTP RESPONSE 200 {"server":"nginx","date":"Mon, 06 Jul 2020 17:51:09 GMT","content-type":"application/json; charset=utf-8","content-length":"15","connection":"keep-alive","access-control-allow-origin":"*","cache-control":"no-cache","strict-transport-security":"max-age=31556926; includeSubDomains; preload"}
[info] +  database: rules for database madelproject released successfully 
[debug] [2020-07-06T17:50:48.682Z] [
  {
    "config": {
      "public": "public",
      "ignore": [
        "firebase.json",
        "**/.*",
        "**/node_modules/**"
      ],
      "site": "madelproject"
    },
    "site": "madelproject",
    "version": "sites/madelproject/versions/8284a361bbb105dd"
  }
]
[info] i  hosting[madelproject]: finalizing version... 
[debug] [2020-07-06T17:50:48.692Z] >>> HTTP REQUEST PATCH https://firebasehosting.googleapis.com/v1beta1/sites/madelproject/versions/8284a361bbb105dd?updateMask=status  
 {"status":"FINALIZED"}
[debug] [2020-07-06T17:50:49.029Z] <<< HTTP RESPONSE 200 {"content-type":"application/json; charset=UTF-8","vary":"X-Origin, Referer, Origin,Accept-Encoding","date":"Mon, 06 Jul 2020 17:51:10 GMT","server":"ESF","cache-control":"private","x-xss-protection":"0","x-frame-options":"SAMEORIGIN","x-content-type-options":"nosniff","alt-svc":"h3-29=\":443\"; ma=2592000,h3-27=\":443\"; ma=2592000,h3-25=\":443\"; ma=2592000,h3-T050=\":443\"; ma=2592000,h3-Q050=\":443\"; ma=2592000,h3-Q046=\":443\"; ma=2592000,h3-Q043=\":443\"; ma=2592000,quic=\":443\"; ma=2592000; v=\"46,43\"","accept-ranges":"none","transfer-encoding":"chunked"}
[debug] [2020-07-06T17:50:49.037Z] [hosting] finalized version for madelproject: {"name":"sites/madelproject/versions/8284a361bbb105dd","status":"FINALIZED","config":{},"labels":{"deployment-tool":"cli-firebase"},"createTime":"2020-07-06T17:51:07.752385Z","createUser":{"email":"m.juarezocelotl@gmail.com"},"finalizeTime":"2020-07-06T17:51:10.176777Z","finalizeUser":{"email":"m.juarezocelotl@gmail.com"}}
[info] +  hosting[madelproject]: version finalized 
[info] i  hosting[madelproject]: releasing new version... 
[debug] [2020-07-06T17:50:49.059Z] >>> HTTP REQUEST POST https://firebasehosting.googleapis.com/v1beta1/sites/madelproject/releases?version_name=sites/madelproject/versions/8284a361bbb105dd  
 {"message":null}
[debug] [2020-07-06T17:50:49.379Z] <<< HTTP RESPONSE 200 {"content-type":"application/json; charset=UTF-8","vary":"X-Origin, Referer, Origin,Accept-Encoding","date":"Mon, 06 Jul 2020 17:51:10 GMT","server":"ESF","cache-control":"private","x-xss-protection":"0","x-frame-options":"SAMEORIGIN","x-content-type-options":"nosniff","alt-svc":"h3-29=\":443\"; ma=2592000,h3-27=\":443\"; ma=2592000,h3-25=\":443\"; ma=2592000,h3-T050=\":443\"; ma=2592000,h3-Q050=\":443\"; ma=2592000,h3-Q046=\":443\"; ma=2592000,h3-Q043=\":443\"; ma=2592000,quic=\":443\"; ma=2592000; v=\"46,43\"","accept-ranges":"none","transfer-encoding":"chunked"}
[debug] [2020-07-06T17:50:49.384Z] [hosting] release: {"name":"sites/madelproject/releases/1594057870530058","version":{"name":"sites/madelproject/versions/8284a361bbb105dd","status":"FINALIZED","config":{}},"type":"DEPLOY","releaseTime":"2020-07-06T17:51:10Z"}
[info] +  hosting[madelproject]: release complete 
[info] 
[info] +  Deploy complete! 
[info] 
[info] Project Console: https://console.firebase.google.com/project/madelproject/overview
[info] Hosting URL: https://madelproject.web.app
